<?xml version="1.0" encoding="UTF-8"?>
<!-- Generated by org.testng.reporters.JUnitReportReporter -->
<testsuite hostname="DESKTOP-CASVOF0" failures="0" tests="2" name="SimpleTestNGExample.TestClass" time="13.700" errors="0" timestamp="2022-02-01T15:58:37 IST" skipped="0">
  <testcase classname="SimpleTestNGExample.TestClass" name="Checktitle" time="5.819"/>
  <system-out/>
  <testcase classname="SimpleTestNGExample.TestClass" name="Checkurl" time="7.881"/>
  <system-out/>
</testsuite> <!-- SimpleTestNGExample.TestClass -->
