<?xml version="1.0" encoding="UTF-8"?>
<!-- Generated by org.testng.reporters.JUnitReportReporter -->
<testsuite hostname="DESKTOP-CASVOF0" failures="0" tests="1" name="SimpleTestNGExample.TestClass2" time="4.900" errors="0" timestamp="2022-02-01T15:58:37 IST" skipped="0">
  <testcase classname="SimpleTestNGExample.TestClass2" name="CheckGoogleLogo" time="4.900"/>
  <system-out/>
</testsuite> <!-- SimpleTestNGExample.TestClass2 -->
